<?xml version="1.0" encoding="UTF-8"?>
<!-- Generated by org.testng.reporters.JUnitXMLReporter -->
<testsuite hostname="saidinesh-mbp" ignored="10" name="Chrome testing" tests="13" failures="1" timestamp="29 Apr 2019 07:04:11 GMT" time="29.944" errors="0">
  <testcase name="getUrl" time="2.659" classname="com.herokuapp.matchingalgo.sweeten.Geturl"/>
  <testcase name="verifylogin" time="1.433" classname="com.herokuapp.matchingalgo.sweeten.Loginpage"/>
  <testcase name="verifySweetenlogo_Usr" time="0.02" classname="com.herokuapp.matchingalgo.sweeten.Header_footer"/>
  <testcase name="verifyEditProfile" time="0.02" classname="com.herokuapp.matchingalgo.sweeten.Header_footer"/>
  <testcase name="verifyFooter" time="0.05" classname="com.herokuapp.matchingalgo.sweeten.Header_footer">
    <failure type="java.lang.AssertionError" message="expected [Copyright © Sweeten 2019] but found [Copyright © Sweeten 2018]">
      <![CDATA[java.lang.AssertionError: expected [Copyright © Sweeten 2019] but found [Copyright © Sweeten 2018]
at com.herokuapp.matchingalgo.sweeten.Header_footer.verifyFooter(Header_footer.java:37)
... Removed 31 stack frames]]>
    </failure>
  </testcase> <!-- verifyFooter -->
  <testcase name="verifyRePrjct_header" time="0.101" classname="com.herokuapp.matchingalgo.sweeten.Renovation_Project"/>
  <testcase name="verifyNewRePrjct" time="3.045" classname="com.herokuapp.matchingalgo.sweeten.Renovation_Project"/>
  <testcase name="Send_NewRePrjct_details" time="3.357" classname="com.herokuapp.matchingalgo.sweeten.Renovation_Project"/>
  <testcase name="Verify_Find_Matches" time="3.12" classname="com.herokuapp.matchingalgo.sweeten.Show_Edit_Matches"/>
  <testcase name="Verify_ReEdit_Projects" time="3.094" classname="com.herokuapp.matchingalgo.sweeten.Show_Edit_Matches"/>
  <testcase name="Verify_ReUpdate_Projects" time="3.685" classname="com.herokuapp.matchingalgo.sweeten.Show_Edit_Matches"/>
  <testcase name="Verify_Edit" time="3.091" classname="com.herokuapp.matchingalgo.sweeten.Edit_Logout"/>
  <testcase name="Verify_Logout" time="3.921" classname="com.herokuapp.matchingalgo.sweeten.Edit_Logout"/>
  <testcase name="@BeforeTest opendriver" time="0.0" classname="com.herokuapp.matchingalgo.sweeten.LaunchBrowser">
    <ignored/>
  </testcase> <!-- @BeforeTest opendriver -->
  <testcase name="@BeforeTest opendriver" time="0.0" classname="com.herokuapp.matchingalgo.sweeten.LaunchBrowser">
    <ignored/>
  </testcase> <!-- @BeforeTest opendriver -->
  <testcase name="@BeforeTest opendriver" time="0.0" classname="com.herokuapp.matchingalgo.sweeten.LaunchBrowser">
    <ignored/>
  </testcase> <!-- @BeforeTest opendriver -->
  <testcase name="@BeforeTest opendriver" time="0.0" classname="com.herokuapp.matchingalgo.sweeten.LaunchBrowser">
    <ignored/>
  </testcase> <!-- @BeforeTest opendriver -->
  <testcase name="@BeforeTest opendriver" time="0.0" classname="com.herokuapp.matchingalgo.sweeten.LaunchBrowser">
    <ignored/>
  </testcase> <!-- @BeforeTest opendriver -->
  <testcase name="@AfterTest terminateBrowser" time="0.0" classname="com.herokuapp.matchingalgo.sweeten.LaunchBrowser">
    <ignored/>
  </testcase> <!-- @AfterTest terminateBrowser -->
  <testcase name="@AfterTest terminateBrowser" time="0.0" classname="com.herokuapp.matchingalgo.sweeten.LaunchBrowser">
    <ignored/>
  </testcase> <!-- @AfterTest terminateBrowser -->
  <testcase name="@AfterTest terminateBrowser" time="0.0" classname="com.herokuapp.matchingalgo.sweeten.LaunchBrowser">
    <ignored/>
  </testcase> <!-- @AfterTest terminateBrowser -->
  <testcase name="@AfterTest terminateBrowser" time="0.0" classname="com.herokuapp.matchingalgo.sweeten.LaunchBrowser">
    <ignored/>
  </testcase> <!-- @AfterTest terminateBrowser -->
  <testcase name="@AfterTest terminateBrowser" time="0.0" classname="com.herokuapp.matchingalgo.sweeten.LaunchBrowser">
    <ignored/>
  </testcase> <!-- @AfterTest terminateBrowser -->
</testsuite> <!-- Chrome testing -->
