<?xml version="1.0" encoding="UTF-8"?>
<!-- Generated by org.testng.reporters.JUnitXMLReporter -->
<testsuite hostname="saidinesh-mbp" ignored="10" name="FireFox testing" tests="13" failures="1" timestamp="29 Apr 2019 07:04:42 GMT" time="30.697" errors="0">
  <testcase name="getUrl" time="3.896" classname="com.herokuapp.matchingalgo.sweeten.Geturl"/>
  <testcase name="verifylogin" time="1.477" classname="com.herokuapp.matchingalgo.sweeten.Loginpage"/>
  <testcase name="verifySweetenlogo_Usr" time="0.038" classname="com.herokuapp.matchingalgo.sweeten.Header_footer"/>
  <testcase name="verifyEditProfile" time="0.03" classname="com.herokuapp.matchingalgo.sweeten.Header_footer"/>
  <testcase name="verifyFooter" time="0.019" classname="com.herokuapp.matchingalgo.sweeten.Header_footer">
    <failure type="java.lang.AssertionError" message="expected [Copyright © Sweeten 2019] but found [Copyright © Sweeten 2018]">
      <![CDATA[java.lang.AssertionError: expected [Copyright © Sweeten 2019] but found [Copyright © Sweeten 2018]
at com.herokuapp.matchingalgo.sweeten.Header_footer.verifyFooter(Header_footer.java:37)
... Removed 31 stack frames]]>
    </failure>
  </testcase> <!-- verifyFooter -->
  <testcase name="verifyCnt_header" time="0.261" classname="com.herokuapp.matchingalgo.sweeten.General_contractor"/>
  <testcase name="verifyNew_Cnt" time="3.032" classname="com.herokuapp.matchingalgo.sweeten.General_contractor"/>
  <testcase name="Send_Cnt_details" time="0.236" classname="com.herokuapp.matchingalgo.sweeten.General_contractor"/>
  <testcase name="Verify_Show_Projects" time="3.283" classname="com.herokuapp.matchingalgo.sweeten.Show_Edit_Projects"/>
  <testcase name="Verify_Edit_Projects" time="3.26" classname="com.herokuapp.matchingalgo.sweeten.Show_Edit_Projects"/>
  <testcase name="Verify_Update_Projects" time="3.884" classname="com.herokuapp.matchingalgo.sweeten.Show_Edit_Projects"/>
  <testcase name="Verify_Edit" time="3.26" classname="com.herokuapp.matchingalgo.sweeten.Edit_Logout"/>
  <testcase name="Verify_Logout" time="4.056" classname="com.herokuapp.matchingalgo.sweeten.Edit_Logout"/>
  <testcase name="@BeforeTest opendriver" time="0.0" classname="com.herokuapp.matchingalgo.sweeten.LaunchBrowser">
    <ignored/>
  </testcase> <!-- @BeforeTest opendriver -->
  <testcase name="@BeforeTest opendriver" time="0.0" classname="com.herokuapp.matchingalgo.sweeten.LaunchBrowser">
    <ignored/>
  </testcase> <!-- @BeforeTest opendriver -->
  <testcase name="@BeforeTest opendriver" time="0.0" classname="com.herokuapp.matchingalgo.sweeten.LaunchBrowser">
    <ignored/>
  </testcase> <!-- @BeforeTest opendriver -->
  <testcase name="@BeforeTest opendriver" time="0.0" classname="com.herokuapp.matchingalgo.sweeten.LaunchBrowser">
    <ignored/>
  </testcase> <!-- @BeforeTest opendriver -->
  <testcase name="@BeforeTest opendriver" time="0.0" classname="com.herokuapp.matchingalgo.sweeten.LaunchBrowser">
    <ignored/>
  </testcase> <!-- @BeforeTest opendriver -->
  <testcase name="@AfterTest terminateBrowser" time="0.0" classname="com.herokuapp.matchingalgo.sweeten.LaunchBrowser">
    <ignored/>
  </testcase> <!-- @AfterTest terminateBrowser -->
  <testcase name="@AfterTest terminateBrowser" time="0.0" classname="com.herokuapp.matchingalgo.sweeten.LaunchBrowser">
    <ignored/>
  </testcase> <!-- @AfterTest terminateBrowser -->
  <testcase name="@AfterTest terminateBrowser" time="0.0" classname="com.herokuapp.matchingalgo.sweeten.LaunchBrowser">
    <ignored/>
  </testcase> <!-- @AfterTest terminateBrowser -->
  <testcase name="@AfterTest terminateBrowser" time="0.0" classname="com.herokuapp.matchingalgo.sweeten.LaunchBrowser">
    <ignored/>
  </testcase> <!-- @AfterTest terminateBrowser -->
  <testcase name="@AfterTest terminateBrowser" time="0.0" classname="com.herokuapp.matchingalgo.sweeten.LaunchBrowser">
    <ignored/>
  </testcase> <!-- @AfterTest terminateBrowser -->
</testsuite> <!-- FireFox testing -->
